<?xml version="1.0" encoding="UTF-8"?>
<testng-results ignored="0" total="7" passed="6" failed="1" skipped="0">
  <reporter-output>
  </reporter-output>
  <suite started-at="2022-04-07T19:41:56Z" name="Regression Test" finished-at="2022-04-07T19:42:32Z" duration-ms="36856">
    <groups>
    </groups>
    <test started-at="2022-04-07T19:41:56Z" name="OpenCart Test" finished-at="2022-04-07T19:42:08Z" duration-ms="12658">
      <class name="AppTest.OpenCartTest">
        <test-method is-config="true" signature="setUp()[pri:0, instance:AppTest.OpenCartTest@236e3f4e]" started-at="2022-04-07T19:41:56Z" name="setUp" finished-at="2022-04-07T19:42:06Z" duration-ms="10419" status="PASS">
          <reporter-output>
          </reporter-output>
        </test-method> <!-- setUp -->
        <test-method signature="registerLinkTest()[pri:1, instance:AppTest.OpenCartTest@236e3f4e]" started-at="2022-04-07T19:42:06Z" name="registerLinkTest" finished-at="2022-04-07T19:42:08Z" duration-ms="2113" status="PASS">
          <reporter-output>
          </reporter-output>
        </test-method> <!-- registerLinkTest -->
        <test-method signature="urlTest()[pri:2, instance:AppTest.OpenCartTest@236e3f4e]" started-at="2022-04-07T19:42:08Z" name="urlTest" finished-at="2022-04-07T19:42:08Z" duration-ms="10" status="PASS">
          <reporter-output>
          </reporter-output>
        </test-method> <!-- urlTest -->
        <test-method is-config="true" signature="tearDown()[pri:0, instance:AppTest.OpenCartTest@236e3f4e]" started-at="2022-04-07T19:42:08Z" name="tearDown" finished-at="2022-04-07T19:42:08Z" duration-ms="91" status="PASS">
          <reporter-output>
          </reporter-output>
        </test-method> <!-- tearDown -->
      </class> <!-- AppTest.OpenCartTest -->
    </test> <!-- OpenCart Test -->
    <test started-at="2022-04-07T19:42:08Z" name="OrangeHRM Test" finished-at="2022-04-07T19:42:24Z" duration-ms="15834">
      <class name="AppTest.OrangeHRMTest">
        <test-method is-config="true" signature="setUp()[pri:0, instance:AppTest.OrangeHRMTest@13b13b5d]" started-at="2022-04-07T19:42:08Z" name="setUp" finished-at="2022-04-07T19:42:14Z" duration-ms="6025" status="PASS">
          <reporter-output>
          </reporter-output>
        </test-method> <!-- setUp -->
        <test-method signature="contactSalesTest()[pri:1, instance:AppTest.OrangeHRMTest@13b13b5d]" started-at="2022-04-07T19:42:14Z" name="contactSalesTest" finished-at="2022-04-07T19:42:24Z" duration-ms="9712" status="PASS">
          <reporter-output>
          </reporter-output>
        </test-method> <!-- contactSalesTest -->
        <test-method signature="urlTest()[pri:2, instance:AppTest.OrangeHRMTest@13b13b5d]" started-at="2022-04-07T19:42:24Z" name="urlTest" finished-at="2022-04-07T19:42:24Z" duration-ms="9" status="PASS">
          <reporter-output>
          </reporter-output>
        </test-method> <!-- urlTest -->
        <test-method is-config="true" signature="tearDown()[pri:0, instance:AppTest.OrangeHRMTest@13b13b5d]" started-at="2022-04-07T19:42:24Z" name="tearDown" finished-at="2022-04-07T19:42:24Z" duration-ms="82" status="PASS">
          <reporter-output>
          </reporter-output>
        </test-method> <!-- tearDown -->
      </class> <!-- AppTest.OrangeHRMTest -->
    </test> <!-- OrangeHRM Test -->
    <test started-at="2022-04-07T19:42:24Z" name="Google Test" finished-at="2022-04-07T19:42:32Z" duration-ms="8314">
      <class name="AppTest.GoogleTest">
        <test-method is-config="true" signature="setUp()[pri:0, instance:AppTest.GoogleTest@6a6afff2]" started-at="2022-04-07T19:42:24Z" name="setUp" finished-at="2022-04-07T19:42:30Z" duration-ms="5460" status="PASS">
          <reporter-output>
          </reporter-output>
        </test-method> <!-- setUp -->
        <test-method signature="searchTest()[pri:1, instance:AppTest.GoogleTest@6a6afff2]" started-at="2022-04-07T19:42:30Z" name="searchTest" finished-at="2022-04-07T19:42:32Z" duration-ms="2664" status="PASS">
          <reporter-output>
          </reporter-output>
        </test-method> <!-- searchTest -->
        <test-method signature="googleSearchBtnTest()[pri:2, instance:AppTest.GoogleTest@6a6afff2]" started-at="2022-04-07T19:42:32Z" name="googleSearchBtnTest" finished-at="2022-04-07T19:42:32Z" duration-ms="51" status="FAIL">
          <exception class="java.lang.AssertionError">
            <message>
              <![CDATA[expected [true] but found [false]]]>
            </message>
            <full-stacktrace>
              <![CDATA[java.lang.AssertionError: expected [true] but found [false]
at org.testng.Assert.fail(Assert.java:96)
at org.testng.Assert.failNotEquals(Assert.java:776)
at org.testng.Assert.assertTrue(Assert.java:44)
at org.testng.Assert.assertTrue(Assert.java:54)
at AppTest.GoogleTest.googleSearchBtnTest(GoogleTest.java:21)
at java.base/jdk.internal.reflect.NativeMethodAccessorImpl.invoke0(Native Method)
at java.base/jdk.internal.reflect.NativeMethodAccessorImpl.invoke(NativeMethodAccessorImpl.java:62)
at java.base/jdk.internal.reflect.DelegatingMethodAccessorImpl.invoke(DelegatingMethodAccessorImpl.java:43)
at java.base/java.lang.reflect.Method.invoke(Method.java:566)
at org.testng.internal.MethodInvocationHelper.invokeMethod(MethodInvocationHelper.java:124)
at org.testng.internal.Invoker.invokeMethod(Invoker.java:583)
at org.testng.internal.Invoker.invokeTestMethod(Invoker.java:719)
at org.testng.internal.Invoker.invokeTestMethods(Invoker.java:989)
at org.testng.internal.TestMethodWorker.invokeTestMethods(TestMethodWorker.java:125)
at org.testng.internal.TestMethodWorker.run(TestMethodWorker.java:109)
at org.testng.TestRunner.privateRun(TestRunner.java:648)
at org.testng.TestRunner.run(TestRunner.java:505)
at org.testng.SuiteRunner.runTest(SuiteRunner.java:455)
at org.testng.SuiteRunner.runSequentially(SuiteRunner.java:450)
at org.testng.SuiteRunner.privateRun(SuiteRunner.java:415)
at org.testng.SuiteRunner.run(SuiteRunner.java:364)
at org.testng.SuiteRunnerWorker.runSuite(SuiteRunnerWorker.java:52)
at org.testng.SuiteRunnerWorker.run(SuiteRunnerWorker.java:84)
at org.testng.TestNG.runSuitesSequentially(TestNG.java:1208)
at org.testng.TestNG.runSuitesLocally(TestNG.java:1137)
at org.testng.TestNG.runSuites(TestNG.java:1049)
at org.testng.TestNG.run(TestNG.java:1017)
at org.testng.remote.AbstractRemoteTestNG.run(AbstractRemoteTestNG.java:115)
at org.testng.remote.RemoteTestNG.initAndRun(RemoteTestNG.java:251)
at org.testng.remote.RemoteTestNG.main(RemoteTestNG.java:77)
]]>
            </full-stacktrace>
          </exception> <!-- java.lang.AssertionError -->
          <reporter-output>
          </reporter-output>
        </test-method> <!-- googleSearchBtnTest -->
        <test-method signature="urlTest()[pri:3, instance:AppTest.GoogleTest@6a6afff2]" started-at="2022-04-07T19:42:32Z" name="urlTest" finished-at="2022-04-07T19:42:32Z" duration-ms="13" status="PASS">
          <reporter-output>
          </reporter-output>
        </test-method> <!-- urlTest -->
        <test-method is-config="true" signature="tearDown()[pri:0, instance:AppTest.GoogleTest@6a6afff2]" started-at="2022-04-07T19:42:32Z" name="tearDown" finished-at="2022-04-07T19:42:32Z" duration-ms="109" status="PASS">
          <reporter-output>
          </reporter-output>
        </test-method> <!-- tearDown -->
      </class> <!-- AppTest.GoogleTest -->
    </test> <!-- Google Test -->
  </suite> <!-- Regression Test -->
</testng-results>
